<?xml version="1.0" encoding="UTF-8"?>
<coverage generated="1774260420">
  <project timestamp="1774260420" name="Clover Coverage">
    <package name="Myerscode\Utilities\Web">
      <file name="/Users/myerscf/Code/myerscode/utilities-web/src/ClientUtility.php">
        <class name="Myerscode\Utilities\Web\ClientUtility" namespace="Myerscode\Utilities\Web">
          <metrics complexity="1" methods="1" coveredmethods="1" conditionals="0" coveredconditionals="0" statements="1" coveredstatements="1" elements="2" coveredelements="2"/>
        </class>
        <line num="13" type="method" name="client" visibility="public" complexity="1" crap="1" count="18"/>
        <line num="15" type="stmt" count="18"/>
        <metrics loc="18" ncloc="15" classes="1" methods="1" coveredmethods="1" conditionals="0" coveredconditionals="0" statements="1" coveredstatements="1" elements="2" coveredelements="2"/>
      </file>
      <file name="/Users/myerscf/Code/myerscode/utilities-web/src/ContentUtility.php">
        <class name="Myerscode\Utilities\Web\ContentUtility" namespace="Myerscode\Utilities\Web">
          <metrics complexity="12" methods="7" coveredmethods="7" conditionals="0" coveredconditionals="0" statements="22" coveredstatements="22" elements="29" coveredelements="29"/>
        </class>
        <line num="26" type="method" name="__construct" visibility="public" complexity="1" crap="1" count="23"/>
        <line num="28" type="stmt" count="23"/>
        <line num="37" type="method" name="content" visibility="public" complexity="2" crap="2" count="6"/>
        <line num="39" type="stmt" count="6"/>
        <line num="41" type="stmt" count="3"/>
        <line num="42" type="stmt" count="1"/>
        <line num="45" type="stmt" count="2"/>
        <line num="54" type="method" name="dom" visibility="public" complexity="1" crap="1" count="3"/>
        <line num="56" type="stmt" count="3"/>
        <line num="65" type="method" name="response" visibility="public" complexity="5" crap="5" count="9"/>
        <line num="68" type="stmt" count="9"/>
        <line num="69" type="stmt" count="8"/>
        <line num="70" type="stmt" count="7"/>
        <line num="71" type="stmt" count="1"/>
        <line num="72" type="stmt" count="6"/>
        <line num="73" type="stmt" count="2"/>
        <line num="74" type="stmt" count="4"/>
        <line num="75" type="stmt" count="1"/>
        <line num="76" type="stmt" count="3"/>
        <line num="77" type="stmt" count="3"/>
        <line num="84" type="method" name="url" visibility="public" complexity="1" crap="1" count="11"/>
        <line num="86" type="stmt" count="11"/>
        <line num="92" type="method" name="client" visibility="protected" complexity="1" crap="1" count="7"/>
        <line num="94" type="stmt" count="7"/>
        <line num="97" type="method" name="clientResponse" visibility="protected" complexity="1" crap="1" count="7"/>
        <line num="99" type="stmt" count="7"/>
        <line num="100" type="stmt" count="7"/>
        <line num="101" type="stmt" count="7"/>
        <line num="102" type="stmt" count="7"/>
        <metrics loc="106" ncloc="79" classes="1" methods="7" coveredmethods="7" conditionals="0" coveredconditionals="0" statements="22" coveredstatements="22" elements="29" coveredelements="29"/>
      </file>
      <file name="/Users/myerscf/Code/myerscode/utilities-web/src/PingUtility.php">
        <class name="Myerscode\Utilities\Web\PingUtility" namespace="Myerscode\Utilities\Web">
          <metrics complexity="15" methods="4" coveredmethods="2" conditionals="0" coveredconditionals="0" statements="36" coveredstatements="30" elements="40" coveredelements="32"/>
        </class>
        <line num="24" type="method" name="__construct" visibility="public" complexity="1" crap="1" count="14"/>
        <line num="26" type="stmt" count="14"/>
        <line num="32" type="method" name="ping" visibility="public" complexity="6" crap="6.08" count="3"/>
        <line num="34" type="stmt" count="3"/>
        <line num="35" type="stmt" count="3"/>
        <line num="36" type="stmt" count="3"/>
        <line num="37" type="stmt" count="3"/>
        <line num="39" type="stmt" count="3"/>
        <line num="40" type="stmt" count="3"/>
        <line num="41" type="stmt" count="3"/>
        <line num="43" type="stmt" count="3"/>
        <line num="46" type="stmt" count="3"/>
        <line num="47" type="stmt" count="0"/>
        <line num="48" type="stmt" count="3"/>
        <line num="49" type="stmt" count="3"/>
        <line num="51" type="stmt" count="0"/>
        <line num="54" type="stmt" count="3"/>
        <line num="56" type="stmt" count="3"/>
        <line num="58" type="stmt" count="3"/>
        <line num="59" type="stmt" count="0"/>
        <line num="62" type="stmt" count="3"/>
        <line num="63" type="stmt" count="3"/>
        <line num="64" type="stmt" count="2"/>
        <line num="65" type="stmt" count="2"/>
        <line num="66" type="stmt" count="2"/>
        <line num="70" type="stmt" count="3"/>
        <line num="73" type="method" name="url" visibility="public" complexity="1" crap="1" count="10"/>
        <line num="75" type="stmt" count="10"/>
        <line num="83" type="method" name="getPingCommand" visibility="private" complexity="7" crap="7.99" count="3"/>
        <line num="85" type="stmt" count="3"/>
        <line num="87" type="stmt" count="3"/>
        <line num="88" type="stmt" count="0"/>
        <line num="89" type="stmt" count="3"/>
        <line num="90" type="stmt" count="3"/>
        <line num="92" type="stmt" count="0"/>
        <line num="95" type="stmt" count="3"/>
        <line num="97" type="stmt" count="3"/>
        <line num="99" type="stmt" count="3"/>
        <line num="100" type="stmt" count="0"/>
        <line num="103" type="stmt" count="3"/>
        <metrics loc="106" ncloc="88" classes="1" methods="4" coveredmethods="2" conditionals="0" coveredconditionals="0" statements="36" coveredstatements="30" elements="40" coveredelements="32"/>
      </file>
      <file name="/Users/myerscf/Code/myerscode/utilities-web/src/ResponseUtility.php">
        <class name="Myerscode\Utilities\Web\ResponseUtility" namespace="Myerscode\Utilities\Web">
          <metrics complexity="28" methods="13" coveredmethods="11" conditionals="0" coveredconditionals="0" statements="68" coveredstatements="65" elements="81" coveredelements="76"/>
        </class>
        <line num="35" type="method" name="__construct" visibility="public" complexity="1" crap="1" count="39"/>
        <line num="37" type="stmt" count="39"/>
        <line num="47" type="method" name="check" visibility="public" complexity="5" crap="5" count="6"/>
        <line num="50" type="stmt" count="6"/>
        <line num="51" type="stmt" count="4"/>
        <line num="52" type="stmt" count="3"/>
        <line num="53" type="stmt" count="6"/>
        <line num="60" type="method" name="followRedirects" visibility="public" complexity="1" crap="1" count="17"/>
        <line num="62" type="stmt" count="17"/>
        <line num="71" type="method" name="fromCurl" visibility="public" complexity="2" crap="2" count="9"/>
        <line num="73" type="stmt" count="9"/>
        <line num="74" type="stmt" count="9"/>
        <line num="75" type="stmt" count="9"/>
        <line num="77" type="stmt" count="9"/>
        <line num="78" type="stmt" count="9"/>
        <line num="79" type="stmt" count="9"/>
        <line num="80" type="stmt" count="9"/>
        <line num="81" type="stmt" count="9"/>
        <line num="83" type="stmt" count="9"/>
        <line num="84" type="stmt" count="1"/>
        <line num="85" type="stmt" count="1"/>
        <line num="87" type="stmt" count="8"/>
        <line num="90" type="stmt" count="9"/>
        <line num="91" type="stmt" count="9"/>
        <line num="92" type="stmt" count="9"/>
        <line num="94" type="stmt" count="9"/>
        <line num="100" type="method" name="fromHeaders" visibility="public" complexity="4" crap="4" count="7"/>
        <line num="102" type="stmt" count="7"/>
        <line num="104" type="stmt" count="7"/>
        <line num="105" type="stmt" count="7"/>
        <line num="106" type="stmt" count="7"/>
        <line num="107" type="stmt" count="7"/>
        <line num="108" type="stmt" count="7"/>
        <line num="109" type="stmt" count="7"/>
        <line num="110" type="stmt" count="7"/>
        <line num="112" type="stmt" count="7"/>
        <line num="114" type="stmt" count="7"/>
        <line num="116" type="stmt" count="7"/>
        <line num="118" type="stmt" count="7"/>
        <line num="119" type="stmt" count="7"/>
        <line num="120" type="stmt" count="1"/>
        <line num="123" type="stmt" count="7"/>
        <line num="125" type="stmt" count="7"/>
        <line num="126" type="stmt" count="6"/>
        <line num="130" type="stmt" count="7"/>
        <line num="141" type="method" name="fromHttpClient" visibility="public" complexity="4" crap="4.10" count="10"/>
        <line num="143" type="stmt" count="10"/>
        <line num="145" type="stmt" count="10"/>
        <line num="148" type="stmt" count="10"/>
        <line num="149" type="stmt" count="10"/>
        <line num="150" type="stmt" count="1"/>
        <line num="151" type="stmt" count="0"/>
        <line num="152" type="stmt" count="1"/>
        <line num="153" type="stmt" count="0"/>
        <line num="154" type="stmt" count="1"/>
        <line num="155" type="stmt" count="1"/>
        <line num="158" type="stmt" count="9"/>
        <line num="164" type="method" name="setFollowRedirects" visibility="public" complexity="1" crap="1" count="4"/>
        <line num="166" type="stmt" count="4"/>
        <line num="168" type="stmt" count="4"/>
        <line num="174" type="method" name="setTimeout" visibility="public" complexity="1" crap="1" count="1"/>
        <line num="176" type="stmt" count="1"/>
        <line num="178" type="stmt" count="1"/>
        <line num="184" type="method" name="timeout" visibility="public" complexity="1" crap="1" count="18"/>
        <line num="186" type="stmt" count="18"/>
        <line num="193" type="method" name="uri" visibility="public" complexity="1" crap="1" count="1"/>
        <line num="195" type="stmt" count="1"/>
        <line num="201" type="method" name="value" visibility="public" complexity="1" crap="1" count="37"/>
        <line num="203" type="stmt" count="37"/>
        <line num="212" type="method" name="checkUrl" visibility="protected" complexity="3" crap="3.14" count="37"/>
        <line num="214" type="stmt" count="37"/>
        <line num="215" type="stmt" count="0"/>
        <line num="218" type="stmt" count="37"/>
        <line num="219" type="stmt" count="3"/>
        <line num="229" type="method" name="setUrl" visibility="private" complexity="3" crap="3" count="39"/>
        <line num="231" type="stmt" count="39"/>
        <line num="234" type="stmt" count="39"/>
        <line num="236" type="stmt" count="39"/>
        <line num="237" type="stmt" count="3"/>
        <line num="240" type="stmt" count="39"/>
        <line num="242" type="stmt" count="37"/>
        <metrics loc="245" ncloc="185" classes="1" methods="13" coveredmethods="11" conditionals="0" coveredconditionals="0" statements="68" coveredstatements="65" elements="81" coveredelements="76"/>
      </file>
      <file name="/Users/myerscf/Code/myerscode/utilities-web/src/UriUtility.php">
        <class name="Myerscode\Utilities\Web\UriUtility" namespace="Myerscode\Utilities\Web">
          <metrics complexity="28" methods="19" coveredmethods="18" conditionals="0" coveredconditionals="0" statements="48" coveredstatements="44" elements="67" coveredelements="62"/>
        </class>
        <line num="24" type="method" name="__construct" visibility="public" complexity="1" crap="1" count="104"/>
        <line num="26" type="stmt" count="104"/>
        <line num="32" type="method" name="addQueryParameter" visibility="public" complexity="2" crap="2" count="6"/>
        <line num="34" type="stmt" count="6"/>
        <line num="35" type="stmt" count="3"/>
        <line num="37" type="stmt" count="3"/>
        <line num="40" type="stmt" count="6"/>
        <line num="42" type="stmt" count="6"/>
        <line num="44" type="stmt" count="6"/>
        <line num="53" type="method" name="check" visibility="public" complexity="1" crap="1" count="2"/>
        <line num="55" type="stmt" count="2"/>
        <line num="57" type="stmt" count="2"/>
        <line num="63" type="method" name="getQueryParameters" visibility="public" complexity="2" crap="2" count="3"/>
        <line num="65" type="stmt" count="3"/>
        <line num="66" type="stmt" count="3"/>
        <line num="68" type="stmt" count="3"/>
        <line num="69" type="stmt" count="2"/>
        <line num="72" type="stmt" count="3"/>
        <line num="78" type="method" name="getQueryString" visibility="public" complexity="1" crap="1" count="1"/>
        <line num="80" type="stmt" count="1"/>
        <line num="86" type="method" name="host" visibility="public" complexity="1" crap="1" count="12"/>
        <line num="88" type="stmt" count="12"/>
        <line num="94" type="method" name="isHttps" visibility="public" complexity="1" crap="1" count="13"/>
        <line num="96" type="stmt" count="13"/>
        <line num="103" type="method" name="mergeQuery" visibility="public" complexity="2" crap="2" count="7"/>
        <line num="105" type="stmt" count="7"/>
        <line num="106" type="stmt" count="3"/>
        <line num="108" type="stmt" count="4"/>
        <line num="111" type="stmt" count="7"/>
        <line num="113" type="stmt" count="7"/>
        <line num="115" type="stmt" count="7"/>
        <line num="121" type="method" name="path" visibility="public" complexity="1" crap="1" count="3"/>
        <line num="123" type="stmt" count="3"/>
        <line num="129" type="method" name="port" visibility="public" complexity="3" crap="3" count="3"/>
        <line num="131" type="stmt" count="3"/>
        <line num="133" type="stmt" count="3"/>
        <line num="134" type="stmt" count="2"/>
        <line num="137" type="stmt" count="1"/>
        <line num="143" type="method" name="query" visibility="public" complexity="1" crap="1" count="6"/>
        <line num="145" type="stmt" count="6"/>
        <line num="151" type="method" name="scheme" visibility="public" complexity="1" crap="1" count="16"/>
        <line num="153" type="stmt" count="16"/>
        <line num="159" type="method" name="setQuery" visibility="public" complexity="2" crap="2" count="15"/>
        <line num="161" type="stmt" count="15"/>
        <line num="162" type="stmt" count="1"/>
        <line num="164" type="stmt" count="14"/>
        <line num="167" type="stmt" count="15"/>
        <line num="169" type="stmt" count="15"/>
        <line num="175" type="method" name="timeout" visibility="public" complexity="1" crap="1" count="1"/>
        <line num="177" type="stmt" count="1"/>
        <line num="183" type="method" name="uri" visibility="public" complexity="1" crap="1" count="1"/>
        <line num="185" type="stmt" count="1"/>
        <line num="191" type="method" name="url" visibility="public" complexity="1" crap="1" count="19"/>
        <line num="193" type="stmt" count="19"/>
        <line num="199" type="method" name="value" visibility="public" complexity="1" crap="1" count="58"/>
        <line num="201" type="stmt" count="58"/>
        <line num="210" type="method" name="checkUrl" visibility="protected" complexity="3" crap="12" count="0"/>
        <line num="212" type="stmt" count="0"/>
        <line num="213" type="stmt" count="0"/>
        <line num="216" type="stmt" count="0"/>
        <line num="217" type="stmt" count="0"/>
        <line num="224" type="method" name="setUrl" visibility="private" complexity="2" crap="2" count="104"/>
        <line num="226" type="stmt" count="104"/>
        <line num="229" type="stmt" count="104"/>
        <line num="231" type="stmt" count="104"/>
        <line num="232" type="stmt" count="31"/>
        <line num="235" type="stmt" count="104"/>
        <metrics loc="238" ncloc="174" classes="1" methods="19" coveredmethods="18" conditionals="0" coveredconditionals="0" statements="48" coveredstatements="44" elements="67" coveredelements="62"/>
      </file>
      <file name="/Users/myerscf/Code/myerscode/utilities-web/src/Utility.php">
        <class name="Myerscode\Utilities\Web\Utility" namespace="Myerscode\Utilities\Web">
          <metrics complexity="4" methods="4" coveredmethods="4" conditionals="0" coveredconditionals="0" statements="4" coveredstatements="4" elements="8" coveredelements="8"/>
        </class>
        <line num="7" type="method" name="__construct" visibility="public" complexity="1" crap="1" count="3"/>
        <line num="9" type="stmt" count="3"/>
        <line num="14" type="method" name="content" visibility="public" complexity="1" crap="1" count="1"/>
        <line num="16" type="stmt" count="1"/>
        <line num="22" type="method" name="ping" visibility="public" complexity="1" crap="1" count="1"/>
        <line num="24" type="stmt" count="1"/>
        <line num="30" type="method" name="url" visibility="public" complexity="1" crap="1" count="1"/>
        <line num="32" type="stmt" count="1"/>
        <metrics loc="35" ncloc="26" classes="1" methods="4" coveredmethods="4" conditionals="0" coveredconditionals="0" statements="4" coveredstatements="4" elements="8" coveredelements="8"/>
      </file>
    </package>
    <package name="Myerscode\Utilities\Web\Data">
      <file name="/Users/myerscf/Code/myerscode/utilities-web/src/Data/ResponseFrom.php">
        <class name="Myerscode\Utilities\Web\Data\ResponseFrom" namespace="Myerscode\Utilities\Web\Data">
          <metrics complexity="0" methods="0" coveredmethods="0" conditionals="0" coveredconditionals="0" statements="0" coveredstatements="0" elements="0" coveredelements="0"/>
        </class>
        <metrics loc="11" ncloc="11" classes="0" methods="0" coveredmethods="0" conditionals="0" coveredconditionals="0" statements="0" coveredstatements="0" elements="0" coveredelements="0"/>
      </file>
    </package>
    <package name="Myerscode\Utilities\Web\Exceptions">
      <file name="/Users/myerscf/Code/myerscode/utilities-web/src/Exceptions/ContentNotFoundException.php">
        <class name="Myerscode\Utilities\Web\Exceptions\ContentNotFoundException" namespace="Myerscode\Utilities\Web\Exceptions">
          <metrics complexity="0" methods="0" coveredmethods="0" conditionals="0" coveredconditionals="0" statements="0" coveredstatements="0" elements="0" coveredelements="0"/>
        </class>
        <metrics loc="10" ncloc="10" classes="0" methods="0" coveredmethods="0" conditionals="0" coveredconditionals="0" statements="0" coveredstatements="0" elements="0" coveredelements="0"/>
      </file>
      <file name="/Users/myerscf/Code/myerscode/utilities-web/src/Exceptions/EmptyUrlException.php">
        <class name="Myerscode\Utilities\Web\Exceptions\EmptyUrlException" namespace="Myerscode\Utilities\Web\Exceptions">
          <metrics complexity="0" methods="0" coveredmethods="0" conditionals="0" coveredconditionals="0" statements="0" coveredstatements="0" elements="0" coveredelements="0"/>
        </class>
        <metrics loc="10" ncloc="10" classes="0" methods="0" coveredmethods="0" conditionals="0" coveredconditionals="0" statements="0" coveredstatements="0" elements="0" coveredelements="0"/>
      </file>
      <file name="/Users/myerscf/Code/myerscode/utilities-web/src/Exceptions/FiveHundredResponseException.php">
        <class name="Myerscode\Utilities\Web\Exceptions\FiveHundredResponseException" namespace="Myerscode\Utilities\Web\Exceptions">
          <metrics complexity="0" methods="0" coveredmethods="0" conditionals="0" coveredconditionals="0" statements="0" coveredstatements="0" elements="0" coveredelements="0"/>
        </class>
        <metrics loc="10" ncloc="10" classes="0" methods="0" coveredmethods="0" conditionals="0" coveredconditionals="0" statements="0" coveredstatements="0" elements="0" coveredelements="0"/>
      </file>
      <file name="/Users/myerscf/Code/myerscode/utilities-web/src/Exceptions/FourHundredResponseException.php">
        <class name="Myerscode\Utilities\Web\Exceptions\FourHundredResponseException" namespace="Myerscode\Utilities\Web\Exceptions">
          <metrics complexity="0" methods="0" coveredmethods="0" conditionals="0" coveredconditionals="0" statements="0" coveredstatements="0" elements="0" coveredelements="0"/>
        </class>
        <metrics loc="10" ncloc="10" classes="0" methods="0" coveredmethods="0" conditionals="0" coveredconditionals="0" statements="0" coveredstatements="0" elements="0" coveredelements="0"/>
      </file>
      <file name="/Users/myerscf/Code/myerscode/utilities-web/src/Exceptions/InvalidUrlException.php">
        <class name="Myerscode\Utilities\Web\Exceptions\InvalidUrlException" namespace="Myerscode\Utilities\Web\Exceptions">
          <metrics complexity="0" methods="0" coveredmethods="0" conditionals="0" coveredconditionals="0" statements="0" coveredstatements="0" elements="0" coveredelements="0"/>
        </class>
        <metrics loc="10" ncloc="10" classes="0" methods="0" coveredmethods="0" conditionals="0" coveredconditionals="0" statements="0" coveredstatements="0" elements="0" coveredelements="0"/>
      </file>
      <file name="/Users/myerscf/Code/myerscode/utilities-web/src/Exceptions/MaxRedirectsReachedException.php">
        <class name="Myerscode\Utilities\Web\Exceptions\MaxRedirectsReachedException" namespace="Myerscode\Utilities\Web\Exceptions">
          <metrics complexity="0" methods="0" coveredmethods="0" conditionals="0" coveredconditionals="0" statements="0" coveredstatements="0" elements="0" coveredelements="0"/>
        </class>
        <metrics loc="10" ncloc="10" classes="0" methods="0" coveredmethods="0" conditionals="0" coveredconditionals="0" statements="0" coveredstatements="0" elements="0" coveredelements="0"/>
      </file>
      <file name="/Users/myerscf/Code/myerscode/utilities-web/src/Exceptions/NetworkErrorException.php">
        <class name="Myerscode\Utilities\Web\Exceptions\NetworkErrorException" namespace="Myerscode\Utilities\Web\Exceptions">
          <metrics complexity="0" methods="0" coveredmethods="0" conditionals="0" coveredconditionals="0" statements="0" coveredstatements="0" elements="0" coveredelements="0"/>
        </class>
        <metrics loc="10" ncloc="10" classes="0" methods="0" coveredmethods="0" conditionals="0" coveredconditionals="0" statements="0" coveredstatements="0" elements="0" coveredelements="0"/>
      </file>
      <file name="/Users/myerscf/Code/myerscode/utilities-web/src/Exceptions/UnsupportedCheckMethodException.php">
        <class name="Myerscode\Utilities\Web\Exceptions\UnsupportedCheckMethodException" namespace="Myerscode\Utilities\Web\Exceptions">
          <metrics complexity="0" methods="0" coveredmethods="0" conditionals="0" coveredconditionals="0" statements="0" coveredstatements="0" elements="0" coveredelements="0"/>
        </class>
        <metrics loc="10" ncloc="10" classes="0" methods="0" coveredmethods="0" conditionals="0" coveredconditionals="0" statements="0" coveredstatements="0" elements="0" coveredelements="0"/>
      </file>
    </package>
    <package name="Myerscode\Utilities\Web\Resource">
      <file name="/Users/myerscf/Code/myerscode/utilities-web/src/Resource/Dom.php">
        <class name="Myerscode\Utilities\Web\Resource\Dom" namespace="Myerscode\Utilities\Web\Resource">
          <metrics complexity="0" methods="0" coveredmethods="0" conditionals="0" coveredconditionals="0" statements="0" coveredstatements="0" elements="0" coveredelements="0"/>
        </class>
        <metrics loc="10" ncloc="10" classes="0" methods="0" coveredmethods="0" conditionals="0" coveredconditionals="0" statements="0" coveredstatements="0" elements="0" coveredelements="0"/>
      </file>
      <file name="/Users/myerscf/Code/myerscode/utilities-web/src/Resource/Response.php">
        <class name="Myerscode\Utilities\Web\Resource\Response" namespace="Myerscode\Utilities\Web\Resource">
          <metrics complexity="5" methods="5" coveredmethods="5" conditionals="0" coveredconditionals="0" statements="5" coveredstatements="5" elements="10" coveredelements="10"/>
        </class>
        <line num="7" type="method" name="__construct" visibility="public" complexity="1" crap="1" count="35"/>
        <line num="9" type="stmt" count="35"/>
        <line num="11" type="method" name="code" visibility="public" complexity="1" crap="1" count="30"/>
        <line num="13" type="stmt" count="30"/>
        <line num="16" type="method" name="content" visibility="public" complexity="1" crap="1" count="5"/>
        <line num="18" type="stmt" count="5"/>
        <line num="21" type="method" name="dom" visibility="public" complexity="1" crap="1" count="1"/>
        <line num="23" type="stmt" count="1"/>
        <line num="26" type="method" name="headers" visibility="public" complexity="1" crap="1" count="2"/>
        <line num="28" type="stmt" count="2"/>
        <metrics loc="31" ncloc="31" classes="1" methods="5" coveredmethods="5" conditionals="0" coveredconditionals="0" statements="5" coveredstatements="5" elements="10" coveredelements="10"/>
      </file>
    </package>
    <metrics files="17" loc="880" ncloc="699" classes="7" methods="53" coveredmethods="48" conditionals="0" coveredconditionals="0" statements="184" coveredstatements="171" elements="237" coveredelements="219"/>
  </project>
</coverage>
